[35m[Appium][39m Welcome to Appium v1.22.2
[35m[Appium][39m Non-default server args:
[35m[Appium][39m   port: 54182
[35m[Appium][39m   loglevel: info
[35m[Appium][39m   tmpDir: /var/folders/m0/tcft48ps0bv4_vjhdpvbf2hh0000gp/T//Katalon/Appium/Temp1686456757202
[35m[Appium][39m   chromedriverPort: 54183
[35m[Appium][39m Deprecated server args:
[35m[Appium][39m   [31m--chromedriver-port[39m => --default-capabilities
[35m[Appium][39m Default capabilities, which will be added to each request unless overridden by desired capabilities:
[35m[Appium][39m   chromedriverPort: 54183
[35m[Appium][39m Appium REST http interface listener started on 0.0.0.0:54182
[35m[HTTP][39m [37m-->[39m [37mGET[39m [37m/wd/hub/status[39m
[35m[HTTP][39m [90m{}[39m
[35m[HTTP][39m [37m<-- GET /wd/hub/status [39m[32m200[39m [90m5 ms - 68[39m
[35m[HTTP][39m [90m[39m
[35m[HTTP][39m [37m-->[39m [37mGET[39m [37m/wd/hub/status[39m
[35m[HTTP][39m [90m{}[39m
[35m[HTTP][39m [37m<-- GET /wd/hub/status [39m[32m200[39m [90m1 ms - 68[39m
[35m[HTTP][39m [90m[39m
[35m[HTTP][39m [37m-->[39m [37mPOST[39m [37m/wd/hub/session[39m
[35m[HTTP][39m [90m{"desiredCapabilities":{"app":"/Users/wennayolanda/Katalon Studio/mobile-testing/android-app/apk-staging-for-iqbal.apk","noReset":true,"deviceName":"vivo V2130 (Android 13)","fullReset":false,"platform":"ANDROID","newCommandTimeout":1800,"platformVersion":"13","automationName":"uiautomator2","autoGrantPermissions":true,"platformName":"Android","udid":"3441466115000FB","systemPort":54194},"capabilities":{"firstMatch":[{"appium:app":"/Users/wennayolanda/Katalon Studio/mobile-testing/android-app/apk-staging-for-iqbal.apk","appium:autoGrantPermissions":true,"appium:automationName":"uiautomator2","appium:deviceName":"vivo V2130 (Android 13)","appium:fullReset":false,"appium:newCommandTimeout":1800,"appium:noReset":true,"platform":"ANDROID","platformName":"android","appium:platformVersion":"13","appium:systemPort":54194,"appium:udid":"3441466115000FB"}]}}[39m
[35m[BaseDriver][39m The following capabilities are not standard capabilities and should have an extension prefix:
[35m[BaseDriver][39m   platform
[35m[BaseDriver][39m   chromedriverPort
[35m[Appium][39m Appium v1.22.2 creating new AndroidUiautomator2Driver (v1.70.1) session
[35m[BaseDriver][39m The following capabilities were provided, but are not recognized by Appium:
[35m[BaseDriver][39m   platform
[35m[BaseDriver][39m Session created with session id: 733afc34-369a-4e03-b0d0-dc16ac8316cc
[35m[BaseDriver][39m Using local app '/Users/wennayolanda/Katalon Studio/mobile-testing/android-app/apk-staging-for-iqbal.apk'
[35m[ADB][39m Found 1 'build-tools' folders under '/Users/wennayolanda/.katalon/tools/android_sdk' (newest first):
[35m[ADB][39m     /Users/wennayolanda/.katalon/tools/android_sdk/build-tools/29.0.3
[35m[ADB][39m Using 'adb' from '/Users/wennayolanda/.katalon/tools/android_sdk/platform-tools/adb'
[35m[AndroidDriver][39m Retrieving device list
[35m[AndroidDriver][39m Using device: 3441466115000FB
[35m[ADB][39m Using 'adb' from '/Users/wennayolanda/.katalon/tools/android_sdk/platform-tools/adb'
[35m[ADB][39m Getting device platform version
[35m[UiAutomator2][39m Relaxing hidden api policy
[35m[ADB][39m Package name: 'staging.cicle'
[35m[ADB][39m Main activity name: 'staging.cicle.MainActivity'
[35m[UiAutomator2][39m Server package at '/usr/local/lib/node_modules/appium/node_modules/appium-uiautomator2-server/apks/appium-uiautomator2-server-v4.27.0.apk' is not writeable. Will copy it into the temporary location at '/var/folders/m0/tcft48ps0bv4_vjhdpvbf2hh0000gp/T/Katalon/Appium/Temp1686456757202/2023511-4397-1w90wso.osix' as a workaround. Consider making this file writeable manually in order to improve the performance of session startup.
[35m[UiAutomator2][39m Server package at '/usr/local/lib/node_modules/appium/node_modules/appium-uiautomator2-server/apks/appium-uiautomator2-server-debug-androidTest.apk' is not writeable. Will copy it into the temporary location at '/var/folders/m0/tcft48ps0bv4_vjhdpvbf2hh0000gp/T/Katalon/Appium/Temp1686456757202/2023511-4397-1w90wso.osix' as a workaround. Consider making this file writeable manually in order to improve the performance of session startup.
[35m[ADB][39m Using 'apksigner.jar' from '/Users/wennayolanda/.katalon/tools/android_sdk/build-tools/29.0.3/lib/apksigner.jar'
[35m[ADB][39m '/var/folders/m0/tcft48ps0bv4_vjhdpvbf2hh0000gp/T/Katalon/Appium/Temp1686456757202/2023511-4397-1w90wso.osix/appium-uiautomator2-server-v4.27.0.apk' is signed with the default certificate
[35m[ADB][39m '/var/folders/m0/tcft48ps0bv4_vjhdpvbf2hh0000gp/T/Katalon/Appium/Temp1686456757202/2023511-4397-1w90wso.osix/appium-uiautomator2-server-debug-androidTest.apk' is signed with the default certificate
[35m[UiAutomator2][39m Server packages are not going to be (re)installed
[35m[ADB][39m Adding packages ["io.appium.settings","io.appium.uiautomator2.server","io.appium.uiautomator2.server.test"] to Doze whitelist
[35m[ADB][39m '/Users/wennayolanda/Katalon Studio/mobile-testing/android-app/apk-staging-for-iqbal.apk' is signed with a non-default certificate
[35m[ADB][39m The application at '/Users/wennayolanda/Katalon Studio/mobile-testing/android-app/apk-staging-for-iqbal.apk' will not be cached, because the device under test has confirmed the support of streamed installs
[35m[ADB][39m The installation of 'apk-staging-for-iqbal.apk' took 2562ms
[35m[UiAutomator2][39m Starting UIAutomator2 server 4.27.0
[35m[UiAutomator2][39m Using UIAutomator2 server from '/usr/local/lib/node_modules/appium/node_modules/appium-uiautomator2-server/apks/appium-uiautomator2-server-v4.27.0.apk' and test from '/usr/local/lib/node_modules/appium/node_modules/appium-uiautomator2-server/apks/appium-uiautomator2-server-debug-androidTest.apk'
[35m[UiAutomator2][39m Waiting up to 30000ms for UiAutomator2 to be online...
[35m[WD Proxy][39m socket hang up
[35m[WD Proxy][39m socket hang up
[35m[WD Proxy][39m Determined the downstream protocol as 'W3C'
[35m[AndroidDriver][39m Screen already unlocked, doing nothing
[35m[UiAutomator2][39m Starting 'staging.cicle/staging.cicle.MainActivity and waiting for 'staging.cicle/staging.cicle.MainActivity'
[35m[Appium][39m New AndroidUiautomator2Driver session created successfully, session 733afc34-369a-4e03-b0d0-dc16ac8316cc added to master session list
[35m[HTTP][39m [37m<-- POST /wd/hub/session [39m[32m200[39m [90m10048 ms - 1326[39m
[35m[HTTP][39m [90m[39m
[35m[HTTP][39m [37m-->[39m [37mGET[39m [37m/wd/hub/session/733afc34-369a-4e03-b0d0-dc16ac8316cc[39m
[35m[HTTP][39m [90m{}[39m
[35m[HTTP][39m [37m<-- GET /wd/hub/session/733afc34-369a-4e03-b0d0-dc16ac8316cc [39m[32m200[39m [90m13 ms - 1280[39m
[35m[HTTP][39m [90m[39m
[35m[HTTP][39m [37m-->[39m [37mGET[39m [37m/wd/hub/session/733afc34-369a-4e03-b0d0-dc16ac8316cc[39m
[35m[HTTP][39m [90m{}[39m
[35m[HTTP][39m [37m<-- GET /wd/hub/session/733afc34-369a-4e03-b0d0-dc16ac8316cc [39m[32m200[39m [90m10 ms - 1280[39m
[35m[HTTP][39m [90m[39m
[35m[HTTP][39m [37m-->[39m [37mGET[39m [37m/wd/hub/status[39m
[35m[HTTP][39m [90m{}[39m
[35m[HTTP][39m [37m<-- GET /wd/hub/status [39m[32m200[39m [90m1 ms - 68[39m
[35m[HTTP][39m [90m[39m
[35m[HTTP][39m [37m-->[39m [37mPOST[39m [37m/wd/hub/session/733afc34-369a-4e03-b0d0-dc16ac8316cc/timeouts[39m
[35m[HTTP][39m [90m{"implicit":60000}[39m
[35m[HTTP][39m [37m<-- POST /wd/hub/session/733afc34-369a-4e03-b0d0-dc16ac8316cc/timeouts [39m[32m200[39m [90m2 ms - 14[39m
[35m[HTTP][39m [90m[39m
[35m[HTTP][39m [37m-->[39m [37mGET[39m [37m/wd/hub/session/733afc34-369a-4e03-b0d0-dc16ac8316cc/source[39m
[35m[HTTP][39m [90m{}[39m
[35m[W3C (733afc34)][39m Driver proxy active, passing request on via HTTP proxy
[35m[WD Proxy][39m Replacing sessionId f46833e1-2d88-4829-867e-bb703e0c05f6 with 733afc34-369a-4e03-b0d0-dc16ac8316cc
[35m[HTTP][39m [37m<-- GET /wd/hub/session/733afc34-369a-4e03-b0d0-dc16ac8316cc/source [39m[32m200[39m [90m349 ms - 4727[39m
[35m[HTTP][39m [90m[39m
[35m[HTTP][39m [37m-->[39m [37mGET[39m [37m/wd/hub/session/733afc34-369a-4e03-b0d0-dc16ac8316cc/screenshot[39m
[35m[HTTP][39m [90m{}[39m
[35m[HTTP][39m [37m<-- GET /wd/hub/session/733afc34-369a-4e03-b0d0-dc16ac8316cc/screenshot [39m[32m200[39m [90m279 ms - 36640[39m
[35m[HTTP][39m [90m[39m
[35m[HTTP][39m [37m-->[39m [37mGET[39m [37m/wd/hub/session/733afc34-369a-4e03-b0d0-dc16ac8316cc/source[39m
[35m[HTTP][39m [90m{}[39m
[35m[W3C (733afc34)][39m Driver proxy active, passing request on via HTTP proxy
[35m[WD Proxy][39m Replacing sessionId f46833e1-2d88-4829-867e-bb703e0c05f6 with 733afc34-369a-4e03-b0d0-dc16ac8316cc
[35m[HTTP][39m [37m<-- GET /wd/hub/session/733afc34-369a-4e03-b0d0-dc16ac8316cc/source [39m[32m200[39m [90m95 ms - 14719[39m
[35m[HTTP][39m [90m[39m
[35m[HTTP][39m [37m-->[39m [37mGET[39m [37m/wd/hub/session/733afc34-369a-4e03-b0d0-dc16ac8316cc/screenshot[39m
[35m[HTTP][39m [90m{}[39m
[35m[HTTP][39m [37m<-- GET /wd/hub/session/733afc34-369a-4e03-b0d0-dc16ac8316cc/screenshot [39m[32m200[39m [90m748 ms - 161448[39m
[35m[HTTP][39m [90m[39m
[35m[HTTP][39m [37m-->[39m [37mPOST[39m [37m/wd/hub/session/733afc34-369a-4e03-b0d0-dc16ac8316cc/elements[39m
[35m[HTTP][39m [90m{"using":"xpath","value":"//*[@class = 'android.view.View' and @resource-id = '' and (@text = '' or . = '')]"}[39m
[35m[HTTP][39m [37m<-- POST /wd/hub/session/733afc34-369a-4e03-b0d0-dc16ac8316cc/elements [39m[32m200[39m [90m474 ms - 3339[39m
[35m[HTTP][39m [90m[39m
[35m[HTTP][39m [37m-->[39m [37mPOST[39m [37m/wd/hub/session/733afc34-369a-4e03-b0d0-dc16ac8316cc/elements[39m
[35m[HTTP][39m [90m{"using":"accessibility id","value":"this is new company"}[39m
[35m[HTTP][39m [37m<-- POST /wd/hub/session/733afc34-369a-4e03-b0d0-dc16ac8316cc/elements [39m[32m200[39m [90m75 ms - 139[39m
[35m[HTTP][39m [90m[39m
[35m[HTTP][39m [37m-->[39m [37mDELETE[39m [37m/wd/hub/session/733afc34-369a-4e03-b0d0-dc16ac8316cc[39m
[35m[HTTP][39m [90m{}[39m
[35m[Appium][39m Removing session 733afc34-369a-4e03-b0d0-dc16ac8316cc from our master session list
[35m[UiAutomator2][39m Restoring hidden api policy to the device default configuration
[35m[HTTP][39m [37m<-- DELETE /wd/hub/session/733afc34-369a-4e03-b0d0-dc16ac8316cc [39m[32m200[39m [90m314 ms - 14[39m
[35m[HTTP][39m [90m[39m
